<?xml version="1.0" encoding="UTF-8"?>
<testsuite name="com.linkedlist.MyNodeTest" tests="5" skipped="0" failures="0" errors="0" timestamp="2021-04-28T16:53:23" hostname="DESKTOP-DCC7S3K" time="0.223">
  <properties/>
  <testcase name="givenInput_ToLinkedList_ShouldPassTest()" classname="com.linkedlist.MyNodeTest" time="0.133"/>
  <testcase name="givenInput_ToLinkedList_ShouldAddToFront()" classname="com.linkedlist.MyNodeTest" time="0.057"/>
  <testcase name="givenFirstElement_WhenDeleted_ShouldPassTest()" classname="com.linkedlist.MyNodeTest" time="0.006"/>
  <testcase name="givenInput_ToLinkedList_ShouldAppendToElement()" classname="com.linkedlist.MyNodeTest" time="0.005"/>
  <testcase name="givenInput_ToLinkedList_ShouldInsertedInBetween()" classname="com.linkedlist.MyNodeTest" time="0.004"/>
  <system-out><![CDATA[]]></system-out>
  <system-err><![CDATA[]]></system-err>
</testsuite>
