<?xml version="1.0" encoding="UTF-8"?>
<testsuite name="com.linkedlist.MyNodeTest" tests="1" skipped="0" failures="0" errors="0" timestamp="2021-04-30T14:17:08" hostname="DESKTOP-DCC7S3K" time="0.039">
  <properties/>
  <testcase name="givenElement_ToBeDeleted_ShouldDelete()" classname="com.linkedlist.MyNodeTest" time="0.039"/>
  <system-out><![CDATA[]]></system-out>
  <system-err><![CDATA[]]></system-err>
</testsuite>
