<?xml version="1.0" encoding="UTF-8"?>
<testsuite name="com.linkedlist.MyNodeTest" tests="1" skipped="0" failures="0" errors="0" timestamp="2021-04-30T13:40:11" hostname="DESKTOP-DCC7S3K" time="0.07">
  <properties/>
  <testcase name="givenElement_WhenFound_ShouldBeInserted_ShouldPassTest()" classname="com.linkedlist.MyNodeTest" time="0.07"/>
  <system-out><![CDATA[]]></system-out>
  <system-err><![CDATA[]]></system-err>
</testsuite>
