<?xml version="1.0" encoding="UTF-8"?>
<testsuite name="com.linkedlist.MyNodeTest" tests="6" skipped="0" failures="0" errors="0" timestamp="2021-04-28T17:10:31" hostname="DESKTOP-DCC7S3K" time="0.051">
  <properties/>
  <testcase name="givenInput_ToLinkedList_ShouldPassTest()" classname="com.linkedlist.MyNodeTest" time="0.036"/>
  <testcase name="givenInput_ToLinkedList_ShouldAddToFront()" classname="com.linkedlist.MyNodeTest" time="0.003"/>
  <testcase name="givenFirstElement_WhenDeleted_ShouldPassTest()" classname="com.linkedlist.MyNodeTest" time="0.001"/>
  <testcase name="givenList_DeletedLastElement_ShouldPassTest()" classname="com.linkedlist.MyNodeTest" time="0.001"/>
  <testcase name="givenInput_ToLinkedList_ShouldAppendToElement()" classname="com.linkedlist.MyNodeTest" time="0.002"/>
  <testcase name="givenInput_ToLinkedList_ShouldInsertedInBetween()" classname="com.linkedlist.MyNodeTest" time="0.002"/>
  <system-out><![CDATA[]]></system-out>
  <system-err><![CDATA[]]></system-err>
</testsuite>
