<?xml version="1.0" encoding="UTF-8"?>
<testsuite name="com.linkedlist.MyNodeTest" tests="4" skipped="0" failures="0" errors="0" timestamp="2021-04-28T16:06:21" hostname="DESKTOP-DCC7S3K" time="0.052">
  <properties/>
  <testcase name="givenInput_ToLinkedList_ShouldPassTest()" classname="com.linkedlist.MyNodeTest" time="0.042"/>
  <testcase name="givenInput_ToLinkedList_ShouldAddToFront()" classname="com.linkedlist.MyNodeTest" time="0.003"/>
  <testcase name="givenInput_ToLinkedList_ShouldAppendToElement()" classname="com.linkedlist.MyNodeTest" time="0.001"/>
  <testcase name="givenInput_ToLinkedList_ShouldInsertedInBetween()" classname="com.linkedlist.MyNodeTest" time="0.001"/>
  <system-out><![CDATA[]]></system-out>
  <system-err><![CDATA[]]></system-err>
</testsuite>
